<?xml version="1.0" encoding="UTF-8"?>
<testng-results skipped="0" failed="0" total="1" passed="1">
  <reporter-output>
  </reporter-output>
  <suite name="Default suite" duration-ms="11386" started-at="2021-02-20T04:18:24Z" finished-at="2021-02-20T04:18:35Z">
    <groups>
    </groups>
    <test name="Default test" duration-ms="11386" started-at="2021-02-20T04:18:24Z" finished-at="2021-02-20T04:18:35Z">
      <class name="Tests.SimpleTest">
        <test-method status="PASS" signature="setup()[pri:0, instance:Tests.SimpleTest@482f8f11]" name="setup" is-config="true" duration-ms="6632" started-at="2021-02-20T09:48:24Z" finished-at="2021-02-20T09:48:30Z">
          <reporter-output>
          </reporter-output>
        </test-method> <!-- setup -->
        <test-method status="PASS" signature="applyAsDeveloper()[pri:0, instance:Tests.SimpleTest@482f8f11]" name="applyAsDeveloper" duration-ms="4597" started-at="2021-02-20T09:48:30Z" finished-at="2021-02-20T09:48:35Z">
          <reporter-output>
          </reporter-output>
        </test-method> <!-- applyAsDeveloper -->
        <test-method status="PASS" signature="close()[pri:0, instance:Tests.SimpleTest@482f8f11]" name="close" is-config="true" duration-ms="135" started-at="2021-02-20T09:48:35Z" finished-at="2021-02-20T09:48:35Z">
          <reporter-output>
          </reporter-output>
        </test-method> <!-- close -->
      </class> <!-- Tests.SimpleTest -->
    </test> <!-- Default test -->
  </suite> <!-- Default suite -->
</testng-results>
