<?xml version="1.0" encoding="UTF-8"?>
<testng-results skipped="0" failed="0" total="1" passed="1">
  <reporter-output>
  </reporter-output>
  <suite name="Default suite" duration-ms="6718" started-at="2021-02-01T12:58:09Z" finished-at="2021-02-01T12:58:16Z">
    <groups>
    </groups>
    <test name="Default test" duration-ms="6718" started-at="2021-02-01T12:58:09Z" finished-at="2021-02-01T12:58:16Z">
      <class name="Tests.SimpleTest">
        <test-method status="PASS" signature="setup()[pri:0, instance:Tests.SimpleTest@1b604f19]" name="setup" is-config="true" duration-ms="1099" started-at="2021-02-01T18:28:09Z" finished-at="2021-02-01T18:28:10Z">
          <reporter-output>
          </reporter-output>
        </test-method> <!-- setup -->
        <test-method status="PASS" signature="applyAsDeveloper()[pri:0, instance:Tests.SimpleTest@1b604f19]" name="applyAsDeveloper" duration-ms="5485" started-at="2021-02-01T18:28:10Z" finished-at="2021-02-01T18:28:15Z">
          <reporter-output>
          </reporter-output>
        </test-method> <!-- applyAsDeveloper -->
        <test-method status="PASS" signature="close()[pri:0, instance:Tests.SimpleTest@1b604f19]" name="close" is-config="true" duration-ms="119" started-at="2021-02-01T18:28:15Z" finished-at="2021-02-01T18:28:16Z">
          <reporter-output>
          </reporter-output>
        </test-method> <!-- close -->
      </class> <!-- Tests.SimpleTest -->
    </test> <!-- Default test -->
  </suite> <!-- Default suite -->
</testng-results>
